CRITICAL - 2024-12-15 01:30:29 --> Undefined array key "foto_product"
in APPPATH\Views\pages\products\list.php on line 55.
 1 APPPATH\Views\pages\products\list.php(55): CodeIgniter\Debug\Exceptions->errorHandler(2, 'Undefined array key "foto_product"', 'APPPATH\\Views\\pages\\products\\list.php', 55)
 2 SYSTEMPATH\View\View.php(213): include('APPPATH\\Views\\pages\\products\\list.php')
 3 SYSTEMPATH\View\View.php(216): CodeIgniter\View\View->CodeIgniter\View\{closure}()
 4 SYSTEMPATH\Common.php(1135): CodeIgniter\View\View->render('pages/products/list', [], true)
 5 APPPATH\Controllers\Main.php(138): view('pages/products/list', [...])
 6 SYSTEMPATH\CodeIgniter.php(896): App\Controllers\Main->products()
 7 SYSTEMPATH\CodeIgniter.php(466): CodeIgniter\CodeIgniter->runController(Object(App\Controllers\Main))
 8 SYSTEMPATH\CodeIgniter.php(349): CodeIgniter\CodeIgniter->handleRequest(null, Object(Config\Cache), false)
 9 FCPATH\index.php(55): CodeIgniter\CodeIgniter->run()
CRITICAL - 2024-12-15 01:31:14 --> Undefined array key "foto_product"
in APPPATH\Views\pages\products\list.php on line 55.
 1 APPPATH\Views\pages\products\list.php(55): CodeIgniter\Debug\Exceptions->errorHandler(2, 'Undefined array key "foto_product"', 'APPPATH\\Views\\pages\\products\\list.php', 55)
 2 SYSTEMPATH\View\View.php(213): include('APPPATH\\Views\\pages\\products\\list.php')
 3 SYSTEMPATH\View\View.php(216): CodeIgniter\View\View->CodeIgniter\View\{closure}()
 4 SYSTEMPATH\Common.php(1135): CodeIgniter\View\View->render('pages/products/list', [], true)
 5 APPPATH\Controllers\Main.php(138): view('pages/products/list', [...])
 6 SYSTEMPATH\CodeIgniter.php(896): App\Controllers\Main->products()
 7 SYSTEMPATH\CodeIgniter.php(466): CodeIgniter\CodeIgniter->runController(Object(App\Controllers\Main))
 8 SYSTEMPATH\CodeIgniter.php(349): CodeIgniter\CodeIgniter->handleRequest(null, Object(Config\Cache), false)
 9 FCPATH\index.php(55): CodeIgniter\CodeIgniter->run()
CRITICAL - 2024-12-15 01:36:22 --> Undefined array key "foto_product"
in APPPATH\Views\pages\products\list.php on line 55.
 1 APPPATH\Views\pages\products\list.php(55): CodeIgniter\Debug\Exceptions->errorHandler(2, 'Undefined array key "foto_product"', 'APPPATH\\Views\\pages\\products\\list.php', 55)
 2 SYSTEMPATH\View\View.php(213): include('APPPATH\\Views\\pages\\products\\list.php')
 3 SYSTEMPATH\View\View.php(216): CodeIgniter\View\View->CodeIgniter\View\{closure}()
 4 SYSTEMPATH\Common.php(1135): CodeIgniter\View\View->render('pages/products/list', [], true)
 5 APPPATH\Controllers\Main.php(138): view('pages/products/list', [...])
 6 SYSTEMPATH\CodeIgniter.php(896): App\Controllers\Main->products()
 7 SYSTEMPATH\CodeIgniter.php(466): CodeIgniter\CodeIgniter->runController(Object(App\Controllers\Main))
 8 SYSTEMPATH\CodeIgniter.php(349): CodeIgniter\CodeIgniter->handleRequest(null, Object(Config\Cache), false)
 9 FCPATH\index.php(55): CodeIgniter\CodeIgniter->run()
CRITICAL - 2024-12-15 01:47:30 --> Undefined array key "foto_product"
in APPPATH\Views\pages\products\list.php on line 55.
 1 APPPATH\Views\pages\products\list.php(55): CodeIgniter\Debug\Exceptions->errorHandler(2, 'Undefined array key "foto_product"', 'APPPATH\\Views\\pages\\products\\list.php', 55)
 2 SYSTEMPATH\View\View.php(213): include('APPPATH\\Views\\pages\\products\\list.php')
 3 SYSTEMPATH\View\View.php(216): CodeIgniter\View\View->CodeIgniter\View\{closure}()
 4 SYSTEMPATH\Common.php(1135): CodeIgniter\View\View->render('pages/products/list', [], true)
 5 APPPATH\Controllers\Main.php(138): view('pages/products/list', [...])
 6 SYSTEMPATH\CodeIgniter.php(896): App\Controllers\Main->products()
 7 SYSTEMPATH\CodeIgniter.php(466): CodeIgniter\CodeIgniter->runController(Object(App\Controllers\Main))
 8 SYSTEMPATH\CodeIgniter.php(349): CodeIgniter\CodeIgniter->handleRequest(null, Object(Config\Cache), false)
 9 FCPATH\index.php(55): CodeIgniter\CodeIgniter->run()
CRITICAL - 2024-12-15 01:48:17 --> Undefined array key "foto_product"
in APPPATH\Views\pages\products\list.php on line 55.
 1 APPPATH\Views\pages\products\list.php(55): CodeIgniter\Debug\Exceptions->errorHandler(2, 'Undefined array key "foto_product"', 'APPPATH\\Views\\pages\\products\\list.php', 55)
 2 SYSTEMPATH\View\View.php(213): include('APPPATH\\Views\\pages\\products\\list.php')
 3 SYSTEMPATH\View\View.php(216): CodeIgniter\View\View->CodeIgniter\View\{closure}()
 4 SYSTEMPATH\Common.php(1135): CodeIgniter\View\View->render('pages/products/list', [], true)
 5 APPPATH\Controllers\Main.php(138): view('pages/products/list', [...])
 6 SYSTEMPATH\CodeIgniter.php(896): App\Controllers\Main->products()
 7 SYSTEMPATH\CodeIgniter.php(466): CodeIgniter\CodeIgniter->runController(Object(App\Controllers\Main))
 8 SYSTEMPATH\CodeIgniter.php(349): CodeIgniter\CodeIgniter->handleRequest(null, Object(Config\Cache), false)
 9 FCPATH\index.php(55): CodeIgniter\CodeIgniter->run()
ERROR - 2024-12-15 02:08:57 --> Unknown column 'foto_product' in 'field list'
CRITICAL - 2024-12-15 02:08:57 --> Unknown column 'foto_product' in 'field list'
in SYSTEMPATH\Database\MySQLi\Connection.php on line 292.
 1 SYSTEMPATH\Database\MySQLi\Connection.php(292): mysqli->query('UPDATE `products` SET `code` = \'1001\', `name` = \'Kentang Goreng\', `description` = \'Kentang digoreng\', `price` = \'18000.00\', `foto_product` = \'1734199737_4ffb4488589f5f450ef8.jpeg\'
WHERE `id` = \'1\'', 0)
 2 SYSTEMPATH\Database\BaseConnection.php(695): CodeIgniter\Database\MySQLi\Connection->execute('UPDATE `products` SET `code` = \'1001\', `name` = \'Kentang Goreng\', `description` = \'Kentang digoreng\', `price` = \'18000.00\', `foto_product` = \'1734199737_4ffb4488589f5f450ef8.jpeg\'
WHERE `id` = \'1\'')
 3 SYSTEMPATH\Database\BaseConnection.php(609): CodeIgniter\Database\BaseConnection->simpleQuery('UPDATE `products` SET `code` = \'1001\', `name` = \'Kentang Goreng\', `description` = \'Kentang digoreng\', `price` = \'18000.00\', `foto_product` = \'1734199737_4ffb4488589f5f450ef8.jpeg\'
WHERE `id` = \'1\'')
 4 SYSTEMPATH\Database\BaseBuilder.php(2046): CodeIgniter\Database\BaseConnection->query('UPDATE `products` SET `code` = :code.1:, `name` = :name:, `description` = :description:, `price` = :price:, `foto_product` = :foto_product:
WHERE `id` = :id:', [...], false)
 5 SYSTEMPATH\Model.php(337): CodeIgniter\Database\BaseBuilder->update()
 6 SYSTEMPATH\BaseModel.php(865): CodeIgniter\Model->doUpdate(null, [...])
 7 SYSTEMPATH\Model.php(692): CodeIgniter\BaseModel->update(null, [...])
 8 APPPATH\Controllers\Main.php(226): CodeIgniter\Model->update()
 9 SYSTEMPATH\CodeIgniter.php(896): App\Controllers\Main->product_edit('1')
10 SYSTEMPATH\CodeIgniter.php(466): CodeIgniter\CodeIgniter->runController(Object(App\Controllers\Main))
11 SYSTEMPATH\CodeIgniter.php(349): CodeIgniter\CodeIgniter->handleRequest(null, Object(Config\Cache), false)
12 FCPATH\index.php(55): CodeIgniter\CodeIgniter->run()
CRITICAL - 2024-12-15 02:12:23 --> Undefined array key "foto_product"
in APPPATH\Views\pages\products\list.php on line 55.
 1 APPPATH\Views\pages\products\list.php(55): CodeIgniter\Debug\Exceptions->errorHandler(2, 'Undefined array key "foto_product"', 'APPPATH\\Views\\pages\\products\\list.php', 55)
 2 SYSTEMPATH\View\View.php(213): include('APPPATH\\Views\\pages\\products\\list.php')
 3 SYSTEMPATH\View\View.php(216): CodeIgniter\View\View->CodeIgniter\View\{closure}()
 4 SYSTEMPATH\Common.php(1135): CodeIgniter\View\View->render('pages/products/list', [], true)
 5 APPPATH\Controllers\Main.php(138): view('pages/products/list', [...])
 6 SYSTEMPATH\CodeIgniter.php(896): App\Controllers\Main->products()
 7 SYSTEMPATH\CodeIgniter.php(466): CodeIgniter\CodeIgniter->runController(Object(App\Controllers\Main))
 8 SYSTEMPATH\CodeIgniter.php(349): CodeIgniter\CodeIgniter->handleRequest(null, Object(Config\Cache), false)
 9 FCPATH\index.php(55): CodeIgniter\CodeIgniter->run()
ERROR - 2024-12-15 21:11:06 --> Error connecting to the database: No connection could be made because the target machine actively refused it
CRITICAL - 2024-12-15 21:11:06 --> Unable to connect to the database.
Main connection [MySQLi]: No connection could be made because the target machine actively refused it
in SYSTEMPATH\Database\BaseConnection.php on line 416.
 1 SYSTEMPATH\Database\BaseConnection.php(586): CodeIgniter\Database\BaseConnection->initialize()
 2 SYSTEMPATH\Database\BaseBuilder.php(1585): CodeIgniter\Database\BaseConnection->query('SELECT *
FROM `users`
WHERE `email` = :email:
 LIMIT 1', [...], false)
 3 SYSTEMPATH\Model.php(249): CodeIgniter\Database\BaseBuilder->get()
 4 SYSTEMPATH\BaseModel.php(622): CodeIgniter\Model->doFirst()
 5 APPPATH\Controllers\Auth.php(27): CodeIgniter\BaseModel->first()
 6 SYSTEMPATH\CodeIgniter.php(896): App\Controllers\Auth->index()
 7 SYSTEMPATH\CodeIgniter.php(466): CodeIgniter\CodeIgniter->runController(Object(App\Controllers\Auth))
 8 SYSTEMPATH\CodeIgniter.php(349): CodeIgniter\CodeIgniter->handleRequest(null, Object(Config\Cache), false)
 9 FCPATH\index.php(55): CodeIgniter\CodeIgniter->run()
